# JRE version: Java(TM) SE Runtime Environment (8.0_191-b12) (build 1.8.0_191-b12)
# Java VM: Java HotSpot(TM) 64-Bit Server VM (25.191-b12 mixed mode windows-amd64 compressed oops)
Heap:
 PSYoungGen      total 147456K, used 23176K [0x00000000f6800000, 0x0000000100000000, 0x0000000100000000)
  eden space 140288K, 12% used [0x00000000f6800000,0x00000000f79406c8,0x00000000ff100000)
  from space 7168K, 76% used [0x00000000ff900000,0x00000000ffe61d18,0x0000000100000000)
  to   space 7680K, 0% used [0x00000000ff100000,0x00000000ff100000,0x00000000ff880000)
 ParOldGen       total 21504K, used 10490K [0x00000000e3800000, 0x00000000e4d00000, 0x00000000f6800000)
  object space 21504K, 48% used [0x00000000e3800000,0x00000000e423e818,0x00000000e4d00000)
 Metaspace       used 27597K, capacity 28738K, committed 29056K, reserved 1075200K
  class space    used 3627K, capacity 3873K, committed 3968K, reserved 1048576K
GC Heap History (10 events):
Event: 9.027 GC heap before
{Heap before GC invocations=9 (full 0):
 PSYoungGen      total 70144K, used 68366K [0x00000000f6800000, 0x00000000fb100000, 0x0000000100000000)
  eden space 65536K, 100% used [0x00000000f6800000,0x00000000fa800000,0x00000000fa800000)
  from space 4608K, 61% used [0x00000000fac80000,0x00000000faf43af0,0x00000000fb100000)
  to   space 4608K, 0% used [0x00000000fa800000,0x00000000fa800000,0x00000000fac80000)
 ParOldGen       total 20480K, used 8208K [0x00000000e3800000, 0x00000000e4c00000, 0x00000000f6800000)
  object space 20480K, 40% used [0x00000000e3800000,0x00000000e4004320,0x00000000e4c00000)
 Metaspace       used 19296K, capacity 19858K, committed 20096K, reserved 1067008K
  class space    used 2459K, capacity 2622K, committed 2688K, reserved 1048576K
Event: 9.037 GC heap after
Heap after GC invocations=9 (full 0):
 PSYoungGen      total 70144K, used 4582K [0x00000000f6800000, 0x00000000fdb80000, 0x0000000100000000)
  eden space 65536K, 0% used [0x00000000f6800000,0x00000000f6800000,0x00000000fa800000)
  from space 4608K, 99% used [0x00000000fa800000,0x00000000fac79930,0x00000000fac80000)
  to   space 6656K, 0% used [0x00000000fd500000,0x00000000fd500000,0x00000000fdb80000)
 ParOldGen       total 20480K, used 11690K [0x00000000e3800000, 0x00000000e4c00000, 0x00000000f6800000)
  object space 20480K, 57% used [0x00000000e3800000,0x00000000e436a870,0x00000000e4c00000)
 Metaspace       used 19296K, capacity 19858K, committed 20096K, reserved 1067008K
  class space    used 2459K, capacity 2622K, committed 2688K, reserved 1048576K
}
Event: 9.466 GC heap before
{Heap before GC invocations=10 (full 0):
 PSYoungGen      total 70144K, used 22999K [0x00000000f6800000, 0x00000000fdb80000, 0x0000000100000000)
  eden space 65536K, 28% used [0x00000000f6800000,0x00000000f79fc3f0,0x00000000fa800000)
  from space 4608K, 99% used [0x00000000fa800000,0x00000000fac79930,0x00000000fac80000)
  to   space 6656K, 0% used [0x00000000fd500000,0x00000000fd500000,0x00000000fdb80000)
 ParOldGen       total 20480K, used 11690K [0x00000000e3800000, 0x00000000e4c00000, 0x00000000f6800000)
  object space 20480K, 57% used [0x00000000e3800000,0x00000000e436a870,0x00000000e4c00000)
 Metaspace       used 20439K, capacity 21096K, committed 21296K, reserved 1067008K
  class space    used 2638K, capacity 2819K, committed 2944K, reserved 1048576K
Event: 9.480 GC heap after
Heap after GC invocations=10 (full 0):
 PSYoungGen      total 110592K, used 2260K [0x00000000f6800000, 0x00000000fda80000, 0x0000000100000000)
  eden space 104960K, 0% used [0x00000000f6800000,0x00000000f6800000,0x00000000fce80000)
  from space 5632K, 40% used [0x00000000fd500000,0x00000000fd735030,0x00000000fda80000)
  to   space 6144K, 0% used [0x00000000fce80000,0x00000000fce80000,0x00000000fd480000)
 ParOldGen       total 20480K, used 12935K [0x00000000e3800000, 0x00000000e4c00000, 0x00000000f6800000)
  object space 20480K, 63% used [0x00000000e3800000,0x00000000e44a1dc0,0x00000000e4c00000)
 Metaspace       used 20439K, capacity 21096K, committed 21296K, reserved 1067008K
  class space    used 2638K, capacity 2819K, committed 2944K, reserved 1048576K
}
Event: 9.480 GC heap before
{Heap before GC invocations=11 (full 1):
 PSYoungGen      total 110592K, used 2260K [0x00000000f6800000, 0x00000000fda80000, 0x0000000100000000)
  eden space 104960K, 0% used [0x00000000f6800000,0x00000000f6800000,0x00000000fce80000)
  from space 5632K, 40% used [0x00000000fd500000,0x00000000fd735030,0x00000000fda80000)
  to   space 6144K, 0% used [0x00000000fce80000,0x00000000fce80000,0x00000000fd480000)
 ParOldGen       total 20480K, used 12935K [0x00000000e3800000, 0x00000000e4c00000, 0x00000000f6800000)
  object space 20480K, 63% used [0x00000000e3800000,0x00000000e44a1dc0,0x00000000e4c00000)
 Metaspace       used 20439K, capacity 21096K, committed 21296K, reserved 1067008K
  class space    used 2638K, capacity 2819K, committed 2944K, reserved 1048576K
Event: 9.575 GC heap after
Heap after GC invocations=11 (full 1):
 PSYoungGen      total 110592K, used 0K [0x00000000f6800000, 0x00000000fda80000, 0x0000000100000000)
  eden space 104960K, 0% used [0x00000000f6800000,0x00000000f6800000,0x00000000fce80000)
  from space 5632K, 0% used [0x00000000fd500000,0x00000000fd500000,0x00000000fda80000)
  to   space 6144K, 0% used [0x00000000fce80000,0x00000000fce80000,0x00000000fd480000)
 ParOldGen       total 21504K, used 7637K [0x00000000e3800000, 0x00000000e4d00000, 0x00000000f6800000)
  object space 21504K, 35% used [0x00000000e3800000,0x00000000e3f75438,0x00000000e4d00000)
 Metaspace       used 20437K, capacity 21090K, committed 21296K, reserved 1067008K
  class space    used 2637K, capacity 2818K, committed 2944K, reserved 1048576K
}
Event: 12.279 GC heap before
{Heap before GC invocations=12 (full 1):
 PSYoungGen      total 110592K, used 104960K [0x00000000f6800000, 0x00000000fda80000, 0x0000000100000000)
  eden space 104960K, 100% used [0x00000000f6800000,0x00000000fce80000,0x00000000fce80000)
  from space 5632K, 0% used [0x00000000fd500000,0x00000000fd500000,0x00000000fda80000)
  to   space 6144K, 0% used [0x00000000fce80000,0x00000000fce80000,0x00000000fd480000)
 ParOldGen       total 21504K, used 7637K [0x00000000e3800000, 0x00000000e4d00000, 0x00000000f6800000)
  object space 21504K, 35% used [0x00000000e3800000,0x00000000e3f75438,0x00000000e4d00000)
 Metaspace       used 24659K, capacity 25676K, committed 25728K, reserved 1071104K
  class space    used 3202K, capacity 3420K, committed 3456K, reserved 1048576K
Event: 12.792 GC heap after
Heap after GC invocations=12 (full 1):
 PSYoungGen      total 111104K, used 6123K [0x00000000f6800000, 0x0000000100000000, 0x0000000100000000)
  eden space 104960K, 0% used [0x00000000f6800000,0x00000000f6800000,0x00000000fce80000)
  from space 6144K, 99% used [0x00000000fce80000,0x00000000fd47ada0,0x00000000fd480000)
  to   space 7168K, 0% used [0x00000000ff900000,0x00000000ff900000,0x0000000100000000)
 ParOldGen       total 21504K, used 8153K [0x00000000e3800000, 0x00000000e4d00000, 0x00000000f6800000)
  object space 21504K, 37% used [0x00000000e3800000,0x00000000e3ff6488,0x00000000e4d00000)
 Metaspace       used 24659K, capacity 25676K, committed 25728K, reserved 1071104K
  class space    used 3202K, capacity 3420K, committed 3456K, reserved 1048576K
}
Event: 14.687 GC heap before
{Heap before GC invocations=13 (full 1):
 PSYoungGen      total 111104K, used 111083K [0x00000000f6800000, 0x0000000100000000, 0x0000000100000000)
  eden space 104960K, 100% used [0x00000000f6800000,0x00000000fce80000,0x00000000fce80000)
  from space 6144K, 99% used [0x00000000fce80000,0x00000000fd47ada0,0x00000000fd480000)
  to   space 7168K, 0% used [0x00000000ff900000,0x00000000ff900000,0x0000000100000000)
 ParOldGen       total 21504K, used 8153K [0x00000000e3800000, 0x00000000e4d00000, 0x00000000f6800000)
  object space 21504K, 37% used [0x00000000e3800000,0x00000000e3ff6488,0x00000000e4d00000)
 Metaspace       used 26959K, capacity 28068K, committed 28160K, reserved 1073152K
  class space    used 3522K, capacity 3768K, committed 3840K, reserved 1048576K
Event: 14.759 GC heap after
Heap after GC invocations=13 (full 1):
 PSYoungGen      total 147456K, used 5511K [0x00000000f6800000, 0x0000000100000000, 0x0000000100000000)
  eden space 140288K, 0% used [0x00000000f6800000,0x00000000f6800000,0x00000000ff100000)
  from space 7168K, 76% used [0x00000000ff900000,0x00000000ffe61d18,0x0000000100000000)
  to   space 7680K, 0% used [0x00000000ff100000,0x00000000ff100000,0x00000000ff880000)
 ParOldGen       total 21504K, used 10490K [0x00000000e3800000, 0x00000000e4d00000, 0x00000000f6800000)
  object space 21504K, 48% used [0x00000000e3800000,0x00000000e423e818,0x00000000e4d00000)
 Metaspace       used 26959K, capacity 28068K, committed 28160K, reserved 1073152K
  class space    used 3522K, capacity 3768K, committed 3840K, reserved 1048576K
}

