# JRE version: Java(TM) SE Runtime Environment (8.0_191-b12) (build 1.8.0_191-b12)
# Java VM: Java HotSpot(TM) 64-Bit Server VM (25.191-b12 mixed mode windows-amd64 compressed oops)
Heap:
 PSYoungGen      total 138752K, used 15302K [0x00000000f6800000, 0x00000000fff00000, 0x0000000100000000)
  eden space 123904K, 12% used [0x00000000f6800000,0x00000000f76f1830,0x00000000fe100000)
  from space 14848K, 0% used [0x00000000ff080000,0x00000000ff080000,0x00000000fff00000)
  to   space 15360K, 0% used [0x00000000fe100000,0x00000000fe100000,0x00000000ff000000)
 ParOldGen       total 38912K, used 20973K [0x00000000e3800000, 0x00000000e5e00000, 0x00000000f6800000)
  object space 38912K, 53% used [0x00000000e3800000,0x00000000e4c7b608,0x00000000e5e00000)
 Metaspace       used 49345K, capacity 51816K, committed 52224K, reserved 1095680K
  class space    used 6643K, capacity 7098K, committed 7168K, reserved 1048576K
GC Heap History (10 events):
Event: 40.389 GC heap before
{Heap before GC invocations=19 (full 3):
 PSYoungGen      total 135168K, used 1388K [0x00000000f6800000, 0x0000000100000000, 0x0000000100000000)
  eden space 123904K, 0% used [0x00000000f6800000,0x00000000f6800000,0x00000000fe100000)
  from space 11264K, 12% used [0x00000000ff500000,0x00000000ff65b098,0x0000000100000000)
  to   space 15872K, 0% used [0x00000000fe100000,0x00000000fe100000,0x00000000ff080000)
 ParOldGen       total 38912K, used 34664K [0x00000000e3800000, 0x00000000e5e00000, 0x00000000f6800000)
  object space 38912K, 89% used [0x00000000e3800000,0x00000000e59da080,0x00000000e5e00000)
 Metaspace       used 49041K, capacity 51462K, committed 51584K, reserved 1093632K
  class space    used 6598K, capacity 7023K, committed 7040K, reserved 1048576K
Event: 40.580 GC heap after
Heap after GC invocations=19 (full 3):
 PSYoungGen      total 135168K, used 0K [0x00000000f6800000, 0x0000000100000000, 0x0000000100000000)
  eden space 123904K, 0% used [0x00000000f6800000,0x00000000f6800000,0x00000000fe100000)
  from space 11264K, 0% used [0x00000000ff500000,0x00000000ff500000,0x0000000100000000)
  to   space 15872K, 0% used [0x00000000fe100000,0x00000000fe100000,0x00000000ff080000)
 ParOldGen       total 38912K, used 25564K [0x00000000e3800000, 0x00000000e5e00000, 0x00000000f6800000)
  object space 38912K, 65% used [0x00000000e3800000,0x00000000e50f7270,0x00000000e5e00000)
 Metaspace       used 49037K, capacity 51456K, committed 51584K, reserved 1093632K
  class space    used 6597K, capacity 7022K, committed 7040K, reserved 1048576K
}
Event: 40.580 GC heap before
{Heap before GC invocations=20 (full 3):
 PSYoungGen      total 135168K, used 0K [0x00000000f6800000, 0x0000000100000000, 0x0000000100000000)
  eden space 123904K, 0% used [0x00000000f6800000,0x00000000f6800000,0x00000000fe100000)
  from space 11264K, 0% used [0x00000000ff500000,0x00000000ff500000,0x0000000100000000)
  to   space 15872K, 0% used [0x00000000fe100000,0x00000000fe100000,0x00000000ff080000)
 ParOldGen       total 38912K, used 25564K [0x00000000e3800000, 0x00000000e5e00000, 0x00000000f6800000)
  object space 38912K, 65% used [0x00000000e3800000,0x00000000e50f7270,0x00000000e5e00000)
 Metaspace       used 49037K, capacity 51456K, committed 51584K, reserved 1093632K
  class space    used 6597K, capacity 7022K, committed 7040K, reserved 1048576K
Event: 40.581 GC heap after
Heap after GC invocations=20 (full 3):
 PSYoungGen      total 139776K, used 0K [0x00000000f6800000, 0x0000000100000000, 0x0000000100000000)
  eden space 123904K, 0% used [0x00000000f6800000,0x00000000f6800000,0x00000000fe100000)
  from space 15872K, 0% used [0x00000000fe100000,0x00000000fe100000,0x00000000ff080000)
  to   space 15872K, 0% used [0x00000000ff080000,0x00000000ff080000,0x0000000100000000)
 ParOldGen       total 38912K, used 25564K [0x00000000e3800000, 0x00000000e5e00000, 0x00000000f6800000)
  object space 38912K, 65% used [0x00000000e3800000,0x00000000e50f7270,0x00000000e5e00000)
 Metaspace       used 49037K, capacity 51456K, committed 51584K, reserved 1093632K
  class space    used 6597K, capacity 7022K, committed 7040K, reserved 1048576K
}
Event: 40.582 GC heap before
{Heap before GC invocations=21 (full 4):
 PSYoungGen      total 139776K, used 0K [0x00000000f6800000, 0x0000000100000000, 0x0000000100000000)
  eden space 123904K, 0% used [0x00000000f6800000,0x00000000f6800000,0x00000000fe100000)
  from space 15872K, 0% used [0x00000000fe100000,0x00000000fe100000,0x00000000ff080000)
  to   space 15872K, 0% used [0x00000000ff080000,0x00000000ff080000,0x0000000100000000)
 ParOldGen       total 38912K, used 25564K [0x00000000e3800000, 0x00000000e5e00000, 0x00000000f6800000)
  object space 38912K, 65% used [0x00000000e3800000,0x00000000e50f7270,0x00000000e5e00000)
 Metaspace       used 49037K, capacity 51456K, committed 51584K, reserved 1093632K
  class space    used 6597K, capacity 7022K, committed 7040K, reserved 1048576K
Event: 41.044 GC heap after
Heap after GC invocations=21 (full 4):
 PSYoungGen      total 139776K, used 0K [0x00000000f6800000, 0x0000000100000000, 0x0000000100000000)
  eden space 123904K, 0% used [0x00000000f6800000,0x00000000f6800000,0x00000000fe100000)
  from space 15872K, 0% used [0x00000000fe100000,0x00000000fe100000,0x00000000ff080000)
  to   space 15872K, 0% used [0x00000000ff080000,0x00000000ff080000,0x0000000100000000)
 ParOldGen       total 38912K, used 21455K [0x00000000e3800000, 0x00000000e5e00000, 0x00000000f6800000)
  object space 38912K, 55% used [0x00000000e3800000,0x00000000e4cf3c88,0x00000000e5e00000)
 Metaspace       used 48843K, capacity 51148K, committed 51584K, reserved 1093632K
  class space    used 6566K, capacity 6966K, committed 7040K, reserved 1048576K
}
Event: 41.329 GC heap before
{Heap before GC invocations=22 (full 4):
 PSYoungGen      total 139776K, used 8478K [0x00000000f6800000, 0x0000000100000000, 0x0000000100000000)
  eden space 123904K, 6% used [0x00000000f6800000,0x00000000f7047a60,0x00000000fe100000)
  from space 15872K, 0% used [0x00000000fe100000,0x00000000fe100000,0x00000000ff080000)
  to   space 15872K, 0% used [0x00000000ff080000,0x00000000ff080000,0x0000000100000000)
 ParOldGen       total 38912K, used 21455K [0x00000000e3800000, 0x00000000e5e00000, 0x00000000f6800000)
  object space 38912K, 55% used [0x00000000e3800000,0x00000000e4cf3c88,0x00000000e5e00000)
 Metaspace       used 49123K, capacity 51480K, committed 51968K, reserved 1097728K
  class space    used 6617K, capacity 7032K, committed 7168K, reserved 1048576K
Event: 41.332 GC heap after
Heap after GC invocations=22 (full 4):
 PSYoungGen      total 138752K, used 544K [0x00000000f6800000, 0x00000000fff00000, 0x0000000100000000)
  eden space 123904K, 0% used [0x00000000f6800000,0x00000000f6800000,0x00000000fe100000)
  from space 14848K, 3% used [0x00000000ff080000,0x00000000ff108000,0x00000000fff00000)
  to   space 15360K, 0% used [0x00000000fe100000,0x00000000fe100000,0x00000000ff000000)
 ParOldGen       total 38912K, used 21455K [0x00000000e3800000, 0x00000000e5e00000, 0x00000000f6800000)
  object space 38912K, 55% used [0x00000000e3800000,0x00000000e4cf3c88,0x00000000e5e00000)
 Metaspace       used 49123K, capacity 51480K, committed 51968K, reserved 1097728K
  class space    used 6617K, capacity 7032K, committed 7168K, reserved 1048576K
}
Event: 41.332 GC heap before
{Heap before GC invocations=23 (full 5):
 PSYoungGen      total 138752K, used 544K [0x00000000f6800000, 0x00000000fff00000, 0x0000000100000000)
  eden space 123904K, 0% used [0x00000000f6800000,0x00000000f6800000,0x00000000fe100000)
  from space 14848K, 3% used [0x00000000ff080000,0x00000000ff108000,0x00000000fff00000)
  to   space 15360K, 0% used [0x00000000fe100000,0x00000000fe100000,0x00000000ff000000)
 ParOldGen       total 38912K, used 21455K [0x00000000e3800000, 0x00000000e5e00000, 0x00000000f6800000)
  object space 38912K, 55% used [0x00000000e3800000,0x00000000e4cf3c88,0x00000000e5e00000)
 Metaspace       used 49123K, capacity 51480K, committed 51968K, reserved 1097728K
  class space    used 6617K, capacity 7032K, committed 7168K, reserved 1048576K
Event: 41.406 GC heap after
Heap after GC invocations=23 (full 5):
 PSYoungGen      total 138752K, used 0K [0x00000000f6800000, 0x00000000fff00000, 0x0000000100000000)
  eden space 123904K, 0% used [0x00000000f6800000,0x00000000f6800000,0x00000000fe100000)
  from space 14848K, 0% used [0x00000000ff080000,0x00000000ff080000,0x00000000fff00000)
  to   space 15360K, 0% used [0x00000000fe100000,0x00000000fe100000,0x00000000ff000000)
 ParOldGen       total 38912K, used 20973K [0x00000000e3800000, 0x00000000e5e00000, 0x00000000f6800000)
  object space 38912K, 53% used [0x00000000e3800000,0x00000000e4c7b608,0x00000000e5e00000)
 Metaspace       used 49123K, capacity 51480K, committed 51968K, reserved 1095680K
  class space    used 6617K, capacity 7032K, committed 7168K, reserved 1048576K
}

